0 info it worked if it ends with ok
1 verbose cli [ '/Users/thanhtu/.nvm/versions/node/v7.0.0/bin/node',
1 verbose cli   '/Users/thanhtu/.nvm/versions/node/v7.0.0/bin/npm',
1 verbose cli   'run',
1 verbose cli   'deploy' ]
2 info using npm@3.10.8
3 info using node@v7.0.0
4 verbose run-script [ 'predeploy', 'deploy', 'postdeploy' ]
5 info lifecycle tkframework@1.3.0~predeploy: tkframework@1.3.0
6 silly lifecycle tkframework@1.3.0~predeploy: no script for predeploy, continuing
7 info lifecycle tkframework@1.3.0~deploy: tkframework@1.3.0
8 verbose lifecycle tkframework@1.3.0~deploy: unsafe-perm in lifecycle true
9 verbose lifecycle tkframework@1.3.0~deploy: PATH: /Users/thanhtu/.nvm/versions/node/v7.0.0/lib/node_modules/npm/bin/node-gyp-bin:/Users/thanhtu/MyProjects/Nodejs/reactjs/tkframework/node_modules/.bin:/Users/thanhtu/perl5/perlbrew/bin:/Users/thanhtu/.nvm/versions/node/v7.0.0/bin:/Users/thanhtu/Library/Android/sdk/platform-tools:/Users/thanhtu/MyProjects/Scala/scala-2.11.8:/opt/local/bin:/opt/local/sbin:/Library/Frameworks/Python.framework/Versions/3.5/bin:/Users/thanhtu/.rbenv/shims:/opt/local/bin:/opt/local/sbin:/Users/thanhtu/.rbenv/bin:/usr/local/bin:/usr/local/bin:/usr/bin:/bin:/usr/sbin:/sbin
10 verbose lifecycle tkframework@1.3.0~deploy: CWD: /Users/thanhtu/MyProjects/Nodejs/reactjs/tkframework
11 silly lifecycle tkframework@1.3.0~deploy: Args: [ '-c', 'scripts/deploy' ]
12 silly lifecycle tkframework@1.3.0~deploy: Returned: code: 1  signal: null
13 info lifecycle tkframework@1.3.0~deploy: Failed to exec deploy script
14 verbose stack Error: tkframework@1.3.0 deploy: `scripts/deploy`
14 verbose stack Exit status 1
14 verbose stack     at EventEmitter.<anonymous> (/Users/thanhtu/.nvm/versions/node/v7.0.0/lib/node_modules/npm/lib/utils/lifecycle.js:255:16)
14 verbose stack     at emitTwo (events.js:106:13)
14 verbose stack     at EventEmitter.emit (events.js:191:7)
14 verbose stack     at ChildProcess.<anonymous> (/Users/thanhtu/.nvm/versions/node/v7.0.0/lib/node_modules/npm/lib/utils/spawn.js:40:14)
14 verbose stack     at emitTwo (events.js:106:13)
14 verbose stack     at ChildProcess.emit (events.js:191:7)
14 verbose stack     at maybeClose (internal/child_process.js:877:16)
14 verbose stack     at Process.ChildProcess._handle.onexit (internal/child_process.js:226:5)
15 verbose pkgid tkframework@1.3.0
16 verbose cwd /Users/thanhtu/MyProjects/Nodejs/reactjs/tkframework
17 error Darwin 16.1.0
18 error argv "/Users/thanhtu/.nvm/versions/node/v7.0.0/bin/node" "/Users/thanhtu/.nvm/versions/node/v7.0.0/bin/npm" "run" "deploy"
19 error node v7.0.0
20 error npm  v3.10.8
21 error code ELIFECYCLE
22 error tkframework@1.3.0 deploy: `scripts/deploy`
22 error Exit status 1
23 error Failed at the tkframework@1.3.0 deploy script 'scripts/deploy'.
23 error Make sure you have the latest version of node.js and npm installed.
23 error If you do, this is most likely a problem with the tkframework package,
23 error not with npm itself.
23 error Tell the author that this fails on your system:
23 error     scripts/deploy
23 error You can get information on how to open an issue for this project with:
23 error     npm bugs tkframework
23 error Or if that isn't available, you can get their info via:
23 error     npm owner ls tkframework
23 error There is likely additional logging output above.
24 verbose exit [ 1, true ]
